2021-10-27 19:13:35,493 - basicLogger - INFO - connecting to DB. Hostname: sean-kafka.eastus2.cloudapp.azure.com, Port: 3306
2021-10-27 19:20:31,229 - basicLogger - INFO - connecting to DB. Hostname: sean-kafka.eastus2.cloudapp.azure.com, Port: 3306
2021-10-27 19:23:34,564 - basicLogger - INFO - connecting to DB. Hostname: sean-kafka.eastus2.cloudapp.azure.com, Port: 3306
2021-10-27 19:24:12,712 - basicLogger - INFO - connecting to DB. Hostname: sean-kafka.eastus2.cloudapp.azure.com, Port: 3306
2021-10-27 19:24:12,820 - basicLogger - INFO - connecting to DB. Hostname: sean-kafka.eastus2.cloudapp.azure.com, Port: 3306
2021-10-27 19:41:50,850 - basicLogger - INFO - connecting to DB. Hostname: sean-kafka.eastus2.cloudapp.azure.com, Port: 3306
2021-10-27 19:42:17,025 - basicLogger - INFO - connecting to DB. Hostname: sean-kafka.eastus2.cloudapp.azure.com, Port: 3306
2021-10-27 19:42:56,499 - basicLogger - INFO - connecting to DB. Hostname: sean-kafka.eastus2.cloudapp.azure.com, Port: 3306
2021-10-27 19:43:31,244 - basicLogger - INFO - connecting to DB. Hostname: sean-kafka.eastus2.cloudapp.azure.com, Port: 3306
2021-10-27 19:43:31,325 - basicLogger - INFO - connecting to DB. Hostname: sean-kafka.eastus2.cloudapp.azure.com, Port: 3306
2021-10-27 19:53:40,093 - basicLogger - INFO - connecting to DB. Hostname: sean-kafka.eastus2.cloudapp.azure.com, Port: 3306
2021-10-27 19:53:40,162 - basicLogger - INFO - connecting to DB. Hostname: sean-kafka.eastus2.cloudapp.azure.com, Port: 3306
2021-10-27 19:54:03,141 - basicLogger - INFO - connecting to DB. Hostname: sean-kafka.eastus2.cloudapp.azure.com, Port: 3306
2021-10-27 19:54:03,235 - basicLogger - INFO - connecting to DB. Hostname: sean-kafka.eastus2.cloudapp.azure.com, Port: 3306
2021-10-27 19:54:46,424 - basicLogger - INFO - connecting to DB. Hostname: sean-kafka.eastus2.cloudapp.azure.com, Port: 3306
2021-10-27 19:54:46,519 - basicLogger - INFO - connecting to DB. Hostname: sean-kafka.eastus2.cloudapp.azure.com, Port: 3306
2021-10-27 19:56:31,310 - basicLogger - INFO - Retrieving final grade at index 0
2021-10-27 19:56:32,386 - basicLogger - ERROR - Could not find final grade at index 0
2021-10-27 19:57:11,668 - basicLogger - INFO - connecting to DB. Hostname: sean-kafka.eastus2.cloudapp.azure.com, Port: 3306
2021-10-27 19:57:27,047 - basicLogger - INFO - connecting to DB. Hostname: sean-kafka.eastus2.cloudapp.azure.com, Port: 3306
2021-10-27 19:57:27,136 - basicLogger - INFO - connecting to DB. Hostname: sean-kafka.eastus2.cloudapp.azure.com, Port: 3306
2021-10-27 19:57:41,049 - basicLogger - INFO - Retrieving final grade at index 0
2021-10-27 19:57:42,133 - basicLogger - ERROR - Could not find final grade at index 0
2021-10-27 19:57:50,956 - basicLogger - INFO - Retrieving classes at index 0
2021-10-27 20:01:02,555 - basicLogger - INFO - connecting to DB. Hostname: sean-kafka.eastus2.cloudapp.azure.com, Port: 3306
2021-10-27 20:01:02,661 - basicLogger - INFO - connecting to DB. Hostname: sean-kafka.eastus2.cloudapp.azure.com, Port: 3306
2021-10-27 20:01:06,525 - basicLogger - INFO - Retrieving final grade at index 1
2021-10-27 20:01:07,615 - basicLogger - ERROR - Could not find final grade at index 1
2021-10-27 20:01:25,273 - basicLogger - INFO - Retrieving classes at index 1
2021-10-27 21:56:11,901 - basicLogger - INFO - Retrieving classes at index 1
2021-10-27 21:56:32,025 - basicLogger - INFO - Retrieving classes at index 1
2021-10-27 21:57:33,017 - basicLogger - INFO - connecting to DB. Hostname: sean-kafka.eastus2.cloudapp.azure.com, Port: 3306
2021-10-27 21:57:33,123 - basicLogger - INFO - connecting to DB. Hostname: sean-kafka.eastus2.cloudapp.azure.com, Port: 3306
2021-10-27 21:57:36,986 - basicLogger - INFO - Retrieving classes at index 2
2021-10-27 21:58:26,275 - basicLogger - INFO - Retrieving classes at index 2
2021-10-27 22:00:07,436 - basicLogger - INFO - Retrieving classes at index 0
2021-10-27 22:00:13,074 - basicLogger - INFO - Retrieving classes at index 0
2021-10-27 22:00:15,934 - basicLogger - INFO - Retrieving classes at index 2
2021-10-27 22:01:44,080 - basicLogger - INFO - Retrieving classes at index 1
2021-10-28 08:59:52,419 - basicLogger - INFO - connecting to DB. Hostname: sean-kafka.eastus2.cloudapp.azure.com, Port: 3306
2021-10-28 08:59:52,513 - basicLogger - INFO - connecting to DB. Hostname: sean-kafka.eastus2.cloudapp.azure.com, Port: 3306
2021-10-28 09:26:49,843 - basicLogger - INFO - Retrieving classes at index 0
2021-10-28 09:26:59,072 - basicLogger - INFO - Retrieving classes at index 25
2021-10-28 09:27:16,727 - basicLogger - INFO - Retrieving classes at index 50
2021-10-28 09:27:22,602 - basicLogger - INFO - Retrieving classes at index 120
2021-10-28 09:27:23,859 - basicLogger - ERROR - Could not find classes at index 120
2021-10-28 09:27:30,586 - basicLogger - INFO - Retrieving classes at index 100
2021-10-28 09:27:38,832 - basicLogger - INFO - Retrieving classes at index 110
2021-10-28 09:27:40,104 - basicLogger - ERROR - Could not find classes at index 110
2021-10-28 09:27:44,448 - basicLogger - INFO - Retrieving classes at index 105
2021-10-28 09:27:45,691 - basicLogger - ERROR - Could not find classes at index 105
2021-10-28 09:28:00,943 - basicLogger - INFO - Retrieving final grade at index 0
2021-10-28 09:28:06,228 - basicLogger - INFO - Retrieving final grade at index 106
2021-10-28 09:28:07,495 - basicLogger - ERROR - Could not find final grade at index 106
2021-10-28 09:28:15,008 - basicLogger - INFO - Retrieving final grade at index 105
2021-10-28 09:28:16,055 - basicLogger - INFO - Retrieving final grade at index 105
2021-10-28 09:28:16,261 - basicLogger - ERROR - Could not find final grade at index 105
2021-10-28 09:28:17,338 - basicLogger - ERROR - Could not find final grade at index 105
