2021-11-06 19:31:07,061 - basicLogger - INFO - Connecting to DB. Hostname: sean-kafka.eastus2.cloudapp.azure.com, Port: 3306
2021-11-06 19:31:07,100 - basicLogger - INFO - Connecting to DB. Hostname: sean-kafka.eastus2.cloudapp.azure.com, Port: 3306
2021-11-06 19:31:07,127 - basicLogger - INFO - process messages.
2021-11-06 19:31:18,663 - basicLogger - INFO - Query for Instructor Account events after 2021-11-06 19:31:15 returns 0 results
2021-11-06 19:31:21,133 - basicLogger - INFO - Query for Student Account events after 2021-11-06 19:31:15 returns 0 results
2021-11-06 19:31:25,719 - basicLogger - INFO - Query for Instructor Account events after 2021-11-06 19:31:15 returns 0 results
2021-11-06 19:31:28,265 - basicLogger - INFO - Query for Student Account events after 2021-11-06 19:31:15 returns 0 results
2021-11-06 19:31:33,363 - basicLogger - INFO - Query for Instructor Account events after 2021-11-06 19:31:23 returns 0 results
2021-11-06 19:31:35,476 - basicLogger - INFO - Query for Student Account events after 2021-11-06 19:31:23 returns 0 results
2021-11-06 19:31:41,506 - basicLogger - INFO - Query for Instructor Account events after 2021-11-06 19:31:31 returns 0 results
2021-11-06 19:31:43,625 - basicLogger - INFO - Query for Student Account events after 2021-11-06 19:31:31 returns 0 results
2021-11-06 19:31:49,370 - basicLogger - INFO - Query for Instructor Account events after 2021-11-06 19:31:39 returns 0 results
2021-11-06 19:31:52,052 - basicLogger - INFO - Query for Student Account events after 2021-11-06 19:31:39 returns 0 results
2021-11-06 19:31:57,361 - basicLogger - INFO - Query for Instructor Account events after 2021-11-06 19:31:47 returns 0 results
2021-11-06 19:31:59,479 - basicLogger - INFO - Query for Student Account events after 2021-11-06 19:31:47 returns 0 results
2021-11-06 19:32:05,893 - basicLogger - INFO - Query for Instructor Account events after 2021-11-06 19:31:55 returns 0 results
2021-11-06 19:32:08,010 - basicLogger - INFO - Query for Student Account events after 2021-11-06 19:31:55 returns 0 results
2021-11-06 19:32:13,366 - basicLogger - INFO - Query for Instructor Account events after 2021-11-06 19:32:03 returns 0 results
2021-11-06 19:32:16,021 - basicLogger - INFO - Query for Student Account events after 2021-11-06 19:32:03 returns 0 results
2021-11-06 19:32:21,370 - basicLogger - INFO - Query for Instructor Account events after 2021-11-06 19:32:11 returns 0 results
2021-11-06 19:32:23,486 - basicLogger - INFO - Query for Student Account events after 2021-11-06 19:32:11 returns 0 results
2021-11-06 19:32:29,903 - basicLogger - INFO - Query for Instructor Account events after 2021-11-06 19:32:19 returns 0 results
2021-11-06 19:32:32,031 - basicLogger - INFO - Query for Student Account events after 2021-11-06 19:32:19 returns 0 results
2021-11-06 19:32:37,361 - basicLogger - INFO - Query for Instructor Account events after 2021-11-06 19:32:27 returns 0 results
2021-11-06 19:32:40,047 - basicLogger - INFO - Query for Student Account events after 2021-11-06 19:32:27 returns 0 results
2021-11-06 19:32:45,372 - basicLogger - INFO - Query for Instructor Account events after 2021-11-06 19:32:35 returns 0 results
2021-11-06 19:32:47,487 - basicLogger - INFO - Query for Student Account events after 2021-11-06 19:32:35 returns 0 results
2021-11-06 19:32:53,933 - basicLogger - INFO - Query for Instructor Account events after 2021-11-06 19:32:43 returns 0 results
2021-11-06 19:32:56,050 - basicLogger - INFO - Query for Student Account events after 2021-11-06 19:32:43 returns 0 results
2021-11-06 19:33:01,367 - basicLogger - INFO - Query for Instructor Account events after 2021-11-06 19:32:51 returns 0 results
2021-11-06 19:33:04,056 - basicLogger - INFO - Query for Student Account events after 2021-11-06 19:32:51 returns 0 results
2021-11-06 19:33:09,366 - basicLogger - INFO - Query for Instructor Account events after 2021-11-06 19:32:59 returns 0 results
2021-11-06 19:33:11,480 - basicLogger - INFO - Query for Student Account events after 2021-11-06 19:32:59 returns 0 results
2021-11-06 19:33:17,911 - basicLogger - INFO - Query for Instructor Account events after 2021-11-06 19:33:07 returns 0 results
2021-11-06 19:33:20,025 - basicLogger - INFO - Query for Student Account events after 2021-11-06 19:33:07 returns 0 results
2021-11-06 19:33:25,372 - basicLogger - INFO - Query for Instructor Account events after 2021-11-06 19:33:15 returns 0 results
2021-11-06 19:33:27,995 - basicLogger - INFO - Query for Student Account events after 2021-11-06 19:33:15 returns 0 results
2021-11-06 19:33:33,366 - basicLogger - INFO - Query for Instructor Account events after 2021-11-06 19:33:23 returns 0 results
2021-11-06 19:33:35,481 - basicLogger - INFO - Query for Student Account events after 2021-11-06 19:33:23 returns 0 results
2021-11-06 19:33:41,914 - basicLogger - INFO - Query for Instructor Account events after 2021-11-06 19:33:31 returns 0 results
2021-11-06 19:33:44,043 - basicLogger - INFO - Query for Student Account events after 2021-11-06 19:33:31 returns 0 results
2021-11-06 19:33:49,373 - basicLogger - INFO - Query for Instructor Account events after 2021-11-06 19:33:39 returns 0 results
2021-11-06 19:33:52,818 - basicLogger - INFO - Query for Student Account events after 2021-11-06 19:33:39 returns 0 results
2021-11-06 19:33:56,991 - basicLogger - INFO - Connecting to DB. Hostname: sean-kafka.eastus2.cloudapp.azure.com, Port: 3306
2021-11-06 19:33:57,020 - basicLogger - INFO - Connecting to DB. Hostname: sean-kafka.eastus2.cloudapp.azure.com, Port: 3306
2021-11-06 19:33:57,049 - basicLogger - INFO - process messages.
2021-11-06 19:33:59,585 - basicLogger - INFO - Query for Instructor Account events after 2021-11-06 19:33:47 returns 0 results
2021-11-06 19:34:02,094 - basicLogger - INFO - Query for Student Account events after 2021-11-06 19:33:47 returns 0 results
2021-11-06 19:34:11,490 - basicLogger - INFO - Query for Instructor Account events after 2021-11-06 19:33:55 returns 0 results
2021-11-06 19:34:14,173 - basicLogger - INFO - Query for Student Account events after 2021-11-06 19:33:55 returns 0 results
2021-11-06 19:34:19,164 - basicLogger - INFO - Query for Instructor Account events after 2021-11-06 19:34:09 returns 0 results
2021-11-06 19:34:21,280 - basicLogger - INFO - Query for Student Account events after 2021-11-06 19:34:09 returns 0 results
2021-11-06 19:34:27,290 - basicLogger - INFO - Query for Instructor Account events after 2021-11-06 19:34:17 returns 0 results
2021-11-06 19:34:29,406 - basicLogger - INFO - Query for Student Account events after 2021-11-06 19:34:17 returns 0 results
2021-11-06 19:34:35,142 - basicLogger - INFO - Query for Instructor Account events after 2021-11-06 19:34:25 returns 0 results
2021-11-06 19:34:37,799 - basicLogger - INFO - Query for Student Account events after 2021-11-06 19:34:25 returns 0 results
2021-11-06 19:34:43,156 - basicLogger - INFO - Query for Instructor Account events after 2021-11-06 19:34:33 returns 0 results
2021-11-06 19:34:45,268 - basicLogger - INFO - Query for Student Account events after 2021-11-06 19:34:33 returns 0 results
2021-11-06 19:34:51,674 - basicLogger - INFO - Query for Instructor Account events after 2021-11-06 19:34:41 returns 0 results
2021-11-06 19:34:53,803 - basicLogger - INFO - Query for Student Account events after 2021-11-06 19:34:41 returns 0 results
2021-11-06 19:34:59,157 - basicLogger - INFO - Query for Instructor Account events after 2021-11-06 19:34:49 returns 0 results
2021-11-06 19:35:01,810 - basicLogger - INFO - Query for Student Account events after 2021-11-06 19:34:49 returns 0 results
2021-11-06 19:35:07,158 - basicLogger - INFO - Query for Instructor Account events after 2021-11-06 19:34:57 returns 0 results
2021-11-06 19:35:09,272 - basicLogger - INFO - Query for Student Account events after 2021-11-06 19:34:57 returns 0 results
2021-11-06 19:35:15,650 - basicLogger - INFO - Query for Instructor Account events after 2021-11-06 19:35:05 returns 0 results
2021-11-06 19:35:17,776 - basicLogger - INFO - Query for Student Account events after 2021-11-06 19:35:05 returns 0 results
2021-11-06 19:35:23,157 - basicLogger - INFO - Query for Instructor Account events after 2021-11-06 19:35:13 returns 0 results
2021-11-06 19:35:25,772 - basicLogger - INFO - Query for Student Account events after 2021-11-06 19:35:13 returns 0 results
2021-11-06 19:35:31,166 - basicLogger - INFO - Query for Instructor Account events after 2021-11-06 19:35:21 returns 0 results
2021-11-06 19:35:33,280 - basicLogger - INFO - Query for Student Account events after 2021-11-06 19:35:21 returns 0 results
2021-11-06 19:35:39,675 - basicLogger - INFO - Query for Instructor Account events after 2021-11-06 19:35:29 returns 0 results
2021-11-06 19:35:41,802 - basicLogger - INFO - Query for Student Account events after 2021-11-06 19:35:29 returns 0 results
2021-11-06 19:35:47,152 - basicLogger - INFO - Query for Instructor Account events after 2021-11-06 19:35:37 returns 0 results
2021-11-06 19:35:49,806 - basicLogger - INFO - Query for Student Account events after 2021-11-06 19:35:37 returns 0 results
2021-11-06 19:35:55,157 - basicLogger - INFO - Query for Instructor Account events after 2021-11-06 19:35:45 returns 0 results
2021-11-06 19:35:57,270 - basicLogger - INFO - Query for Student Account events after 2021-11-06 19:35:45 returns 0 results
2021-11-06 19:36:03,672 - basicLogger - INFO - Query for Instructor Account events after 2021-11-06 19:35:53 returns 0 results
2021-11-06 19:36:05,802 - basicLogger - INFO - Query for Student Account events after 2021-11-06 19:35:53 returns 0 results
2021-11-06 19:36:11,151 - basicLogger - INFO - Query for Instructor Account events after 2021-11-06 19:36:01 returns 0 results
2021-11-06 19:36:13,769 - basicLogger - INFO - Query for Student Account events after 2021-11-06 19:36:01 returns 0 results
2021-11-06 19:36:19,165 - basicLogger - INFO - Query for Instructor Account events after 2021-11-06 19:36:09 returns 0 results
2021-11-06 19:36:21,282 - basicLogger - INFO - Query for Student Account events after 2021-11-06 19:36:09 returns 0 results
2021-11-06 19:36:27,677 - basicLogger - INFO - Query for Instructor Account events after 2021-11-06 19:36:17 returns 0 results
2021-11-06 19:36:29,801 - basicLogger - INFO - Query for Student Account events after 2021-11-06 19:36:17 returns 0 results
2021-11-06 19:36:35,158 - basicLogger - INFO - Query for Instructor Account events after 2021-11-06 19:36:25 returns 0 results
2021-11-06 19:36:38,613 - basicLogger - INFO - Query for Student Account events after 2021-11-06 19:36:25 returns 0 results
2021-11-06 19:36:43,153 - basicLogger - INFO - Query for Instructor Account events after 2021-11-06 19:36:33 returns 0 results
2021-11-06 19:36:45,276 - basicLogger - INFO - Query for Student Account events after 2021-11-06 19:36:33 returns 0 results
2021-11-06 19:36:51,300 - basicLogger - INFO - Query for Instructor Account events after 2021-11-06 19:36:41 returns 0 results
2021-11-06 19:36:53,429 - basicLogger - INFO - Query for Student Account events after 2021-11-06 19:36:41 returns 0 results
2021-11-06 19:36:59,146 - basicLogger - INFO - Query for Instructor Account events after 2021-11-06 19:36:49 returns 0 results
2021-11-06 19:37:01,409 - basicLogger - INFO - Query for Student Account events after 2021-11-06 19:36:49 returns 0 results
2021-11-06 19:37:07,155 - basicLogger - INFO - Query for Instructor Account events after 2021-11-06 19:36:57 returns 0 results
2021-11-06 19:37:09,276 - basicLogger - INFO - Query for Student Account events after 2021-11-06 19:36:57 returns 0 results
2021-11-06 19:37:15,302 - basicLogger - INFO - Query for Instructor Account events after 2021-11-06 19:37:05 returns 0 results
2021-11-06 19:37:17,430 - basicLogger - INFO - Query for Student Account events after 2021-11-06 19:37:05 returns 0 results
2021-11-06 19:37:23,168 - basicLogger - INFO - Query for Instructor Account events after 2021-11-06 19:37:13 returns 0 results
2021-11-06 19:37:25,811 - basicLogger - INFO - Query for Student Account events after 2021-11-06 19:37:13 returns 0 results
2021-11-06 19:37:31,155 - basicLogger - INFO - Query for Instructor Account events after 2021-11-06 19:37:21 returns 0 results
2021-11-06 19:37:33,278 - basicLogger - INFO - Query for Student Account events after 2021-11-06 19:37:21 returns 0 results
2021-11-06 19:37:39,692 - basicLogger - INFO - Query for Instructor Account events after 2021-11-06 19:37:29 returns 0 results
2021-11-06 19:37:41,813 - basicLogger - INFO - Query for Student Account events after 2021-11-06 19:37:29 returns 0 results
2021-11-06 19:37:47,158 - basicLogger - INFO - Query for Instructor Account events after 2021-11-06 19:37:37 returns 0 results
2021-11-06 19:37:49,780 - basicLogger - INFO - Query for Student Account events after 2021-11-06 19:37:37 returns 0 results
2021-11-06 19:37:55,155 - basicLogger - INFO - Query for Instructor Account events after 2021-11-06 19:37:45 returns 0 results
2021-11-06 19:37:57,276 - basicLogger - INFO - Query for Student Account events after 2021-11-06 19:37:45 returns 0 results
2021-11-06 19:38:03,645 - basicLogger - INFO - Query for Instructor Account events after 2021-11-06 19:37:53 returns 0 results
2021-11-06 19:38:05,767 - basicLogger - INFO - Query for Student Account events after 2021-11-06 19:37:53 returns 0 results
2021-11-06 19:38:11,154 - basicLogger - INFO - Query for Instructor Account events after 2021-11-06 19:38:01 returns 0 results
2021-11-06 19:38:13,803 - basicLogger - INFO - Query for Student Account events after 2021-11-06 19:38:01 returns 0 results
2021-11-06 19:38:19,163 - basicLogger - INFO - Query for Instructor Account events after 2021-11-06 19:38:09 returns 0 results
2021-11-06 19:38:21,285 - basicLogger - INFO - Query for Student Account events after 2021-11-06 19:38:09 returns 0 results
2021-11-06 19:38:27,679 - basicLogger - INFO - Query for Instructor Account events after 2021-11-06 19:38:17 returns 0 results
2021-11-06 19:38:29,800 - basicLogger - INFO - Query for Student Account events after 2021-11-06 19:38:17 returns 0 results
2021-11-06 19:38:35,187 - basicLogger - INFO - Query for Instructor Account events after 2021-11-06 19:38:25 returns 0 results
2021-11-06 19:38:37,801 - basicLogger - INFO - Query for Student Account events after 2021-11-06 19:38:25 returns 0 results
2021-11-06 19:38:43,160 - basicLogger - INFO - Query for Instructor Account events after 2021-11-06 19:38:33 returns 0 results
2021-11-06 19:38:45,275 - basicLogger - INFO - Query for Student Account events after 2021-11-06 19:38:33 returns 0 results
2021-11-06 19:38:51,679 - basicLogger - INFO - Query for Instructor Account events after 2021-11-06 19:38:41 returns 0 results
2021-11-06 19:38:53,797 - basicLogger - INFO - Query for Student Account events after 2021-11-06 19:38:41 returns 0 results
2021-11-06 19:38:59,149 - basicLogger - INFO - Query for Instructor Account events after 2021-11-06 19:38:49 returns 0 results
2021-11-06 19:39:07,700 - basicLogger - INFO - Query for Student Account events after 2021-11-06 19:38:49 returns 0 results
2021-11-06 19:39:11,165 - basicLogger - INFO - Query for Instructor Account events after 2021-11-06 19:38:57 returns 0 results
2021-11-06 19:39:13,283 - basicLogger - INFO - Query for Student Account events after 2021-11-06 19:38:57 returns 0 results
2021-11-06 19:39:38,700 - basicLogger - INFO - Query for Instructor Account events after 2021-11-06 19:39:09 returns 0 results
2021-11-06 19:39:40,822 - basicLogger - INFO - Query for Student Account events after 2021-11-06 19:39:09 returns 0 results
2021-11-06 19:39:43,222 - basicLogger - INFO - Query for Instructor Account events after 2021-11-06 19:39:17 returns 0 results
2021-11-06 19:39:45,690 - basicLogger - INFO - Query for Student Account events after 2021-11-06 19:39:17 returns 0 results
2021-11-06 19:39:51,154 - basicLogger - INFO - Query for Instructor Account events after 2021-11-06 19:39:41 returns 0 results
2021-11-06 19:39:53,423 - basicLogger - INFO - Query for Student Account events after 2021-11-06 19:39:41 returns 0 results
2021-11-06 19:39:59,163 - basicLogger - INFO - Query for Instructor Account events after 2021-11-06 19:39:49 returns 0 results
2021-11-06 19:40:01,273 - basicLogger - INFO - Query for Student Account events after 2021-11-06 19:39:49 returns 0 results
2021-11-06 19:40:07,301 - basicLogger - INFO - Query for Instructor Account events after 2021-11-06 19:39:57 returns 0 results
2021-11-06 19:40:09,426 - basicLogger - INFO - Query for Student Account events after 2021-11-06 19:39:57 returns 0 results
2021-11-06 19:40:15,153 - basicLogger - INFO - Query for Instructor Account events after 2021-11-06 19:40:05 returns 0 results
2021-11-06 19:40:17,813 - basicLogger - INFO - Query for Student Account events after 2021-11-06 19:40:05 returns 0 results
2021-11-06 19:40:23,163 - basicLogger - INFO - Query for Instructor Account events after 2021-11-06 19:40:13 returns 0 results
2021-11-06 19:40:25,279 - basicLogger - INFO - Query for Student Account events after 2021-11-06 19:40:13 returns 0 results
2021-11-06 19:40:31,675 - basicLogger - INFO - Query for Instructor Account events after 2021-11-06 19:40:21 returns 0 results
2021-11-06 19:40:33,807 - basicLogger - INFO - Query for Student Account events after 2021-11-06 19:40:21 returns 0 results
2021-11-06 19:40:39,157 - basicLogger - INFO - Query for Instructor Account events after 2021-11-06 19:40:29 returns 0 results
2021-11-06 19:40:41,779 - basicLogger - INFO - Query for Student Account events after 2021-11-06 19:40:29 returns 0 results
2021-11-06 19:40:47,158 - basicLogger - INFO - Query for Instructor Account events after 2021-11-06 19:40:37 returns 0 results
2021-11-06 19:40:49,275 - basicLogger - INFO - Query for Student Account events after 2021-11-06 19:40:37 returns 0 results
2021-11-06 19:40:55,680 - basicLogger - INFO - Query for Instructor Account events after 2021-11-06 19:40:45 returns 0 results
2021-11-06 19:40:57,809 - basicLogger - INFO - Query for Student Account events after 2021-11-06 19:40:45 returns 0 results
2021-11-06 19:41:03,142 - basicLogger - INFO - Query for Instructor Account events after 2021-11-06 19:40:53 returns 0 results
2021-11-06 19:41:05,788 - basicLogger - INFO - Query for Student Account events after 2021-11-06 19:40:53 returns 0 results
2021-11-06 19:41:11,160 - basicLogger - INFO - Query for Instructor Account events after 2021-11-06 19:41:01 returns 0 results
2021-11-06 19:41:13,279 - basicLogger - INFO - Query for Student Account events after 2021-11-06 19:41:01 returns 0 results
2021-11-06 19:41:19,649 - basicLogger - INFO - Query for Instructor Account events after 2021-11-06 19:41:09 returns 0 results
2021-11-06 19:41:21,774 - basicLogger - INFO - Query for Student Account events after 2021-11-06 19:41:09 returns 0 results
2021-11-06 19:41:27,162 - basicLogger - INFO - Query for Instructor Account events after 2021-11-06 19:41:17 returns 0 results
2021-11-06 19:41:29,811 - basicLogger - INFO - Query for Student Account events after 2021-11-06 19:41:17 returns 0 results
2021-11-06 19:41:35,154 - basicLogger - INFO - Query for Instructor Account events after 2021-11-06 19:41:25 returns 0 results
2021-11-06 19:41:37,269 - basicLogger - INFO - Query for Student Account events after 2021-11-06 19:41:25 returns 0 results
2021-11-06 19:41:43,644 - basicLogger - INFO - Query for Instructor Account events after 2021-11-06 19:41:33 returns 0 results
2021-11-06 19:41:45,763 - basicLogger - INFO - Query for Student Account events after 2021-11-06 19:41:33 returns 0 results
2021-11-06 19:41:51,158 - basicLogger - INFO - Query for Instructor Account events after 2021-11-06 19:41:41 returns 0 results
2021-11-06 19:41:54,561 - basicLogger - INFO - Query for Student Account events after 2021-11-06 19:41:41 returns 0 results
2021-11-06 19:41:59,147 - basicLogger - INFO - Query for Instructor Account events after 2021-11-06 19:41:49 returns 0 results
2021-11-06 19:42:01,271 - basicLogger - INFO - Query for Student Account events after 2021-11-06 19:41:49 returns 0 results
2021-11-06 19:42:07,298 - basicLogger - INFO - Query for Instructor Account events after 2021-11-06 19:41:57 returns 0 results
2021-11-06 19:42:09,417 - basicLogger - INFO - Query for Student Account events after 2021-11-06 19:41:57 returns 0 results
2021-11-06 19:42:15,158 - basicLogger - INFO - Query for Instructor Account events after 2021-11-06 19:42:05 returns 0 results
2021-11-06 19:42:17,419 - basicLogger - INFO - Query for Student Account events after 2021-11-06 19:42:05 returns 0 results
2021-11-06 19:42:23,164 - basicLogger - INFO - Query for Instructor Account events after 2021-11-06 19:42:13 returns 0 results
2021-11-06 19:42:25,278 - basicLogger - INFO - Query for Student Account events after 2021-11-06 19:42:13 returns 0 results
2021-11-06 19:42:31,305 - basicLogger - INFO - Query for Instructor Account events after 2021-11-06 19:42:21 returns 0 results
2021-11-06 19:42:33,422 - basicLogger - INFO - Query for Student Account events after 2021-11-06 19:42:21 returns 0 results
2021-11-06 19:42:39,152 - basicLogger - INFO - Query for Instructor Account events after 2021-11-06 19:42:29 returns 0 results
2021-11-06 19:42:41,874 - basicLogger - INFO - Query for Student Account events after 2021-11-06 19:42:29 returns 0 results
2021-11-06 19:42:47,165 - basicLogger - INFO - Query for Instructor Account events after 2021-11-06 19:42:37 returns 0 results
2021-11-06 19:42:49,283 - basicLogger - INFO - Query for Student Account events after 2021-11-06 19:42:37 returns 0 results
2021-11-06 19:42:55,672 - basicLogger - INFO - Query for Instructor Account events after 2021-11-06 19:42:45 returns 0 results
2021-11-06 19:42:57,800 - basicLogger - INFO - Query for Student Account events after 2021-11-06 19:42:45 returns 0 results
2021-11-06 19:43:03,157 - basicLogger - INFO - Query for Instructor Account events after 2021-11-06 19:42:53 returns 0 results
2021-11-06 19:43:05,804 - basicLogger - INFO - Query for Student Account events after 2021-11-06 19:42:53 returns 0 results
2021-11-06 19:43:11,166 - basicLogger - INFO - Query for Instructor Account events after 2021-11-06 19:43:01 returns 0 results
2021-11-06 19:43:13,288 - basicLogger - INFO - Query for Student Account events after 2021-11-06 19:43:01 returns 0 results
2021-11-06 19:43:19,644 - basicLogger - INFO - Query for Instructor Account events after 2021-11-06 19:43:09 returns 0 results
2021-11-06 19:43:21,767 - basicLogger - INFO - Query for Student Account events after 2021-11-06 19:43:09 returns 0 results
2021-11-06 19:43:27,163 - basicLogger - INFO - Query for Instructor Account events after 2021-11-06 19:43:17 returns 0 results
2021-11-06 19:43:29,779 - basicLogger - INFO - Query for Student Account events after 2021-11-06 19:43:17 returns 0 results
2021-11-06 19:43:35,159 - basicLogger - INFO - Query for Instructor Account events after 2021-11-06 19:43:25 returns 0 results
2021-11-06 19:43:37,278 - basicLogger - INFO - Query for Student Account events after 2021-11-06 19:43:25 returns 0 results
2021-11-06 19:43:43,705 - basicLogger - INFO - Query for Instructor Account events after 2021-11-06 19:43:33 returns 0 results
2021-11-06 19:43:45,828 - basicLogger - INFO - Query for Student Account events after 2021-11-06 19:43:33 returns 0 results
2021-11-06 19:43:48,105 - basicLogger - INFO - Message: {'type': 'final_grade', 'datetime': '2021-11-06T19:43:47', 'payload': {'final_grade': 97, 'fullname': 'john kim', 'password': 'q1w2e3r4', 'timestamp': '2016-08-29T09:12:33.001000Z', 'username': 'john123123'}}
2021-11-06 19:43:49,621 - basicLogger - DEBUG - Stored event student account request with a unique id of john123123
2021-11-06 19:43:51,147 - basicLogger - INFO - Query for Instructor Account events after 2021-11-06 19:43:41 returns 0 results
2021-11-06 19:43:53,345 - basicLogger - INFO - Query for Student Account events after 2021-11-06 19:43:41 returns 1 results
2021-11-06 19:43:59,221 - basicLogger - INFO - Query for Instructor Account events after 2021-11-06 19:43:49 returns 0 results
2021-11-06 19:44:01,341 - basicLogger - INFO - Query for Student Account events after 2021-11-06 19:43:49 returns 0 results
2021-11-06 19:44:07,537 - basicLogger - INFO - Query for Instructor Account events after 2021-11-06 19:43:57 returns 0 results
2021-11-06 19:44:10,524 - basicLogger - INFO - Query for Student Account events after 2021-11-06 19:43:57 returns 0 results
2021-11-06 19:44:15,170 - basicLogger - INFO - Query for Instructor Account events after 2021-11-06 19:44:05 returns 0 results
2021-11-06 19:44:17,294 - basicLogger - INFO - Query for Student Account events after 2021-11-06 19:44:05 returns 0 results
2021-11-06 19:44:23,384 - basicLogger - INFO - Query for Instructor Account events after 2021-11-06 19:44:13 returns 0 results
2021-11-06 19:44:25,510 - basicLogger - INFO - Query for Student Account events after 2021-11-06 19:44:13 returns 0 results
2021-11-06 19:44:31,160 - basicLogger - INFO - Query for Instructor Account events after 2021-11-06 19:44:21 returns 0 results
2021-11-06 19:44:33,419 - basicLogger - INFO - Query for Student Account events after 2021-11-06 19:44:21 returns 0 results
2021-11-06 19:44:39,154 - basicLogger - INFO - Query for Instructor Account events after 2021-11-06 19:44:29 returns 0 results
2021-11-06 19:44:41,276 - basicLogger - INFO - Query for Student Account events after 2021-11-06 19:44:29 returns 0 results
2021-11-06 19:44:47,303 - basicLogger - INFO - Query for Instructor Account events after 2021-11-06 19:44:37 returns 0 results
2021-11-06 19:44:49,424 - basicLogger - INFO - Query for Student Account events after 2021-11-06 19:44:37 returns 0 results
2021-11-06 19:44:55,151 - basicLogger - INFO - Query for Instructor Account events after 2021-11-06 19:44:45 returns 0 results
2021-11-06 19:44:57,796 - basicLogger - INFO - Query for Student Account events after 2021-11-06 19:44:45 returns 0 results
2021-11-06 19:45:03,156 - basicLogger - INFO - Query for Instructor Account events after 2021-11-06 19:44:53 returns 0 results
2021-11-06 19:45:05,276 - basicLogger - INFO - Query for Student Account events after 2021-11-06 19:44:53 returns 0 results
2021-11-06 19:45:11,654 - basicLogger - INFO - Query for Instructor Account events after 2021-11-06 19:45:01 returns 0 results
2021-11-06 19:45:13,780 - basicLogger - INFO - Query for Student Account events after 2021-11-06 19:45:01 returns 0 results
2021-11-06 19:45:19,149 - basicLogger - INFO - Query for Instructor Account events after 2021-11-06 19:45:09 returns 0 results
2021-11-06 19:45:21,762 - basicLogger - INFO - Query for Student Account events after 2021-11-06 19:45:09 returns 0 results
2021-11-06 19:45:27,150 - basicLogger - INFO - Query for Instructor Account events after 2021-11-06 19:45:17 returns 0 results
2021-11-06 19:45:29,271 - basicLogger - INFO - Query for Student Account events after 2021-11-06 19:45:17 returns 0 results
2021-11-06 19:45:35,684 - basicLogger - INFO - Query for Instructor Account events after 2021-11-06 19:45:25 returns 0 results
2021-11-06 19:45:37,807 - basicLogger - INFO - Query for Student Account events after 2021-11-06 19:45:25 returns 0 results
2021-11-06 19:45:43,169 - basicLogger - INFO - Query for Instructor Account events after 2021-11-06 19:45:33 returns 0 results
2021-11-06 19:45:45,811 - basicLogger - INFO - Query for Student Account events after 2021-11-06 19:45:33 returns 0 results
2021-11-06 19:45:51,158 - basicLogger - INFO - Query for Instructor Account events after 2021-11-06 19:45:41 returns 0 results
2021-11-06 19:45:53,279 - basicLogger - INFO - Query for Student Account events after 2021-11-06 19:45:41 returns 0 results
2021-11-06 19:45:59,655 - basicLogger - INFO - Query for Instructor Account events after 2021-11-06 19:45:49 returns 0 results
2021-11-06 19:46:01,779 - basicLogger - INFO - Query for Student Account events after 2021-11-06 19:45:49 returns 0 results
2021-11-06 19:46:07,152 - basicLogger - INFO - Query for Instructor Account events after 2021-11-06 19:45:57 returns 0 results
2021-11-06 19:46:09,765 - basicLogger - INFO - Query for Student Account events after 2021-11-06 19:45:57 returns 0 results
2021-11-06 19:46:15,158 - basicLogger - INFO - Query for Instructor Account events after 2021-11-06 19:46:05 returns 0 results
2021-11-06 19:46:17,277 - basicLogger - INFO - Query for Student Account events after 2021-11-06 19:46:05 returns 0 results
2021-11-06 19:46:23,655 - basicLogger - INFO - Query for Instructor Account events after 2021-11-06 19:46:13 returns 0 results
2021-11-06 19:46:25,777 - basicLogger - INFO - Query for Student Account events after 2021-11-06 19:46:13 returns 0 results
2021-11-06 19:46:31,163 - basicLogger - INFO - Query for Instructor Account events after 2021-11-06 19:46:21 returns 0 results
2021-11-06 19:46:40,071 - basicLogger - INFO - Query for Student Account events after 2021-11-06 19:46:21 returns 0 results
2021-11-06 19:46:43,155 - basicLogger - INFO - Query for Instructor Account events after 2021-11-06 19:46:29 returns 0 results
2021-11-06 19:46:45,281 - basicLogger - INFO - Query for Student Account events after 2021-11-06 19:46:29 returns 0 results
2021-11-06 19:46:51,310 - basicLogger - INFO - Query for Instructor Account events after 2021-11-06 19:46:41 returns 0 results
2021-11-06 19:46:53,428 - basicLogger - INFO - Query for Student Account events after 2021-11-06 19:46:41 returns 0 results
2021-11-06 19:46:59,149 - basicLogger - INFO - Query for Instructor Account events after 2021-11-06 19:46:49 returns 0 results
2021-11-06 19:47:01,407 - basicLogger - INFO - Query for Student Account events after 2021-11-06 19:46:49 returns 0 results
2021-11-06 19:47:07,160 - basicLogger - INFO - Query for Instructor Account events after 2021-11-06 19:46:57 returns 0 results
2021-11-06 19:47:09,278 - basicLogger - INFO - Query for Student Account events after 2021-11-06 19:46:57 returns 0 results
2021-11-06 19:47:15,304 - basicLogger - INFO - Query for Instructor Account events after 2021-11-06 19:47:05 returns 0 results
2021-11-06 19:47:17,424 - basicLogger - INFO - Query for Student Account events after 2021-11-06 19:47:05 returns 0 results
2021-11-06 19:47:23,149 - basicLogger - INFO - Query for Instructor Account events after 2021-11-06 19:47:13 returns 0 results
2021-11-06 19:47:25,767 - basicLogger - INFO - Query for Student Account events after 2021-11-06 19:47:13 returns 0 results
2021-11-06 19:47:31,163 - basicLogger - INFO - Query for Instructor Account events after 2021-11-06 19:47:21 returns 0 results
2021-11-06 19:47:33,278 - basicLogger - INFO - Query for Student Account events after 2021-11-06 19:47:21 returns 0 results
2021-11-06 19:47:39,673 - basicLogger - INFO - Query for Instructor Account events after 2021-11-06 19:47:29 returns 0 results
2021-11-06 19:47:41,801 - basicLogger - INFO - Query for Student Account events after 2021-11-06 19:47:29 returns 0 results
2021-11-06 19:47:47,148 - basicLogger - INFO - Query for Instructor Account events after 2021-11-06 19:47:37 returns 0 results
2021-11-06 19:47:49,795 - basicLogger - INFO - Query for Student Account events after 2021-11-06 19:47:37 returns 0 results
2021-11-06 19:47:55,160 - basicLogger - INFO - Query for Instructor Account events after 2021-11-06 19:47:45 returns 0 results
2021-11-06 19:47:57,278 - basicLogger - INFO - Query for Student Account events after 2021-11-06 19:47:45 returns 0 results
2021-11-06 19:48:03,655 - basicLogger - INFO - Query for Instructor Account events after 2021-11-06 19:47:53 returns 0 results
2021-11-06 19:48:05,785 - basicLogger - INFO - Query for Student Account events after 2021-11-06 19:47:53 returns 0 results
2021-11-06 19:48:11,153 - basicLogger - INFO - Query for Instructor Account events after 2021-11-06 19:48:01 returns 0 results
2021-11-06 19:48:13,799 - basicLogger - INFO - Query for Student Account events after 2021-11-06 19:48:01 returns 0 results
2021-11-06 19:48:19,161 - basicLogger - INFO - Query for Instructor Account events after 2021-11-06 19:48:09 returns 0 results
2021-11-06 19:48:21,279 - basicLogger - INFO - Query for Student Account events after 2021-11-06 19:48:09 returns 0 results
2021-11-06 19:48:27,668 - basicLogger - INFO - Query for Instructor Account events after 2021-11-06 19:48:17 returns 0 results
2021-11-06 19:48:29,786 - basicLogger - INFO - Query for Student Account events after 2021-11-06 19:48:17 returns 0 results
2021-11-06 19:48:35,151 - basicLogger - INFO - Query for Instructor Account events after 2021-11-06 19:48:25 returns 0 results
2021-11-06 19:48:37,775 - basicLogger - INFO - Query for Student Account events after 2021-11-06 19:48:25 returns 0 results
2021-11-06 19:48:43,167 - basicLogger - INFO - Query for Instructor Account events after 2021-11-06 19:48:33 returns 0 results
2021-11-06 19:48:45,287 - basicLogger - INFO - Query for Student Account events after 2021-11-06 19:48:33 returns 0 results
2021-11-06 19:48:58,187 - basicLogger - INFO - Query for Instructor Account events after 2021-11-06 19:48:41 returns 0 results
2021-11-06 19:49:00,305 - basicLogger - INFO - Query for Student Account events after 2021-11-06 19:48:41 returns 0 results
2021-11-06 19:49:36,144 - basicLogger - INFO - Query for Student Account events after 2021-11-06 19:48:49 returns 0 results
2021-11-06 19:49:39,154 - basicLogger - INFO - Query for Instructor Account events after 2021-11-06 19:49:01 returns 0 results
2021-11-06 19:49:41,272 - basicLogger - INFO - Query for Student Account events after 2021-11-06 19:49:01 returns 0 results
2021-11-06 19:49:47,295 - basicLogger - INFO - Query for Instructor Account events after 2021-11-06 19:49:37 returns 0 results
2021-11-06 19:49:49,424 - basicLogger - INFO - Query for Student Account events after 2021-11-06 19:49:37 returns 0 results
2021-11-06 19:49:55,154 - basicLogger - INFO - Query for Instructor Account events after 2021-11-06 19:49:45 returns 0 results
2021-11-06 19:49:57,422 - basicLogger - INFO - Query for Student Account events after 2021-11-06 19:49:45 returns 0 results
2021-11-06 19:50:03,166 - basicLogger - INFO - Query for Instructor Account events after 2021-11-06 19:49:53 returns 0 results
2021-11-06 19:50:05,283 - basicLogger - INFO - Query for Student Account events after 2021-11-06 19:49:53 returns 0 results
2021-11-06 19:50:11,677 - basicLogger - INFO - Query for Instructor Account events after 2021-11-06 19:50:01 returns 0 results
2021-11-06 19:50:13,803 - basicLogger - INFO - Query for Student Account events after 2021-11-06 19:50:01 returns 0 results
2021-11-06 19:50:19,163 - basicLogger - INFO - Query for Instructor Account events after 2021-11-06 19:50:09 returns 0 results
2021-11-06 19:50:21,834 - basicLogger - INFO - Query for Student Account events after 2021-11-06 19:50:09 returns 0 results
2021-11-06 19:50:27,160 - basicLogger - INFO - Query for Instructor Account events after 2021-11-06 19:50:17 returns 0 results
2021-11-06 19:50:29,278 - basicLogger - INFO - Query for Student Account events after 2021-11-06 19:50:17 returns 0 results
2021-11-06 19:50:35,649 - basicLogger - INFO - Query for Instructor Account events after 2021-11-06 19:50:25 returns 0 results
2021-11-06 19:50:37,776 - basicLogger - INFO - Query for Student Account events after 2021-11-06 19:50:25 returns 0 results
2021-11-06 19:50:43,163 - basicLogger - INFO - Query for Instructor Account events after 2021-11-06 19:50:33 returns 0 results
2021-11-06 19:50:45,784 - basicLogger - INFO - Query for Student Account events after 2021-11-06 19:50:33 returns 0 results
2021-11-06 19:50:51,156 - basicLogger - INFO - Query for Instructor Account events after 2021-11-06 19:50:41 returns 0 results
2021-11-06 19:50:53,273 - basicLogger - INFO - Query for Student Account events after 2021-11-06 19:50:41 returns 0 results
2021-11-06 19:50:59,647 - basicLogger - INFO - Query for Instructor Account events after 2021-11-06 19:50:49 returns 0 results
2021-11-06 19:51:01,777 - basicLogger - INFO - Query for Student Account events after 2021-11-06 19:50:49 returns 0 results
2021-11-06 19:51:07,160 - basicLogger - INFO - Query for Instructor Account events after 2021-11-06 19:50:57 returns 0 results
2021-11-06 19:51:09,802 - basicLogger - INFO - Query for Student Account events after 2021-11-06 19:50:57 returns 0 results
2021-11-06 19:51:15,156 - basicLogger - INFO - Query for Instructor Account events after 2021-11-06 19:51:05 returns 0 results
2021-11-06 19:51:17,276 - basicLogger - INFO - Query for Student Account events after 2021-11-06 19:51:05 returns 0 results
2021-11-06 19:51:23,680 - basicLogger - INFO - Query for Instructor Account events after 2021-11-06 19:51:13 returns 0 results
2021-11-06 19:51:25,795 - basicLogger - INFO - Query for Student Account events after 2021-11-06 19:51:13 returns 0 results
2021-11-06 19:51:31,144 - basicLogger - INFO - Query for Instructor Account events after 2021-11-06 19:51:21 returns 0 results
2021-11-06 19:52:07,158 - basicLogger - INFO - Query for Instructor Account events after 2021-11-06 19:51:29 returns 0 results
2021-11-06 19:52:09,274 - basicLogger - INFO - Query for Student Account events after 2021-11-06 19:51:29 returns 0 results
2021-11-06 19:52:18,721 - basicLogger - INFO - Query for Instructor Account events after 2021-11-06 19:52:05 returns 0 results
2021-11-06 19:52:20,845 - basicLogger - INFO - Query for Student Account events after 2021-11-06 19:52:05 returns 0 results
2021-11-06 19:52:55,313 - basicLogger - INFO - Query for Student Account events after 2021-11-06 19:52:13 returns 0 results
2021-11-06 19:52:59,151 - basicLogger - INFO - Query for Instructor Account events after 2021-11-06 19:52:21 returns 0 results
2021-11-06 19:53:01,278 - basicLogger - INFO - Query for Student Account events after 2021-11-06 19:52:21 returns 0 results
2021-11-06 19:53:07,307 - basicLogger - INFO - Query for Instructor Account events after 2021-11-06 19:52:57 returns 0 results
2021-11-06 19:53:09,425 - basicLogger - INFO - Query for Student Account events after 2021-11-06 19:52:57 returns 0 results
2021-11-06 19:53:15,162 - basicLogger - INFO - Query for Instructor Account events after 2021-11-06 19:53:05 returns 0 results
2021-11-06 19:53:17,422 - basicLogger - INFO - Query for Student Account events after 2021-11-06 19:53:05 returns 0 results
2021-11-06 19:53:23,152 - basicLogger - INFO - Query for Instructor Account events after 2021-11-06 19:53:13 returns 0 results
2021-11-06 19:53:25,266 - basicLogger - INFO - Query for Student Account events after 2021-11-06 19:53:13 returns 0 results
